# JRE version: OpenJDK Runtime Environment Temurin-17.0.3+7 (17.0.3+7) (build 17.0.3+7)
# Java VM: OpenJDK 64-Bit Server VM Temurin-17.0.3+7 (17.0.3+7, mixed mode, tiered, compressed oops, compressed class ptrs, g1 gc, windows-amd64)
GC Precious Log:
 CPUs: 12 total, 12 available
 Memory: 16243M
 Large Page Support: Disabled
 NUMA Support: Disabled
 Compressed Oops: Enabled (Zero based)
 Heap Region Size: 2M
 Heap Min Capacity: 8M
 Heap Initial Capacity: 254M
 Heap Max Capacity: 4062M
 Pre-touch: Disabled
 Parallel Workers: 10
 Concurrent Workers: 3
 Concurrent Refinement Workers: 10
 Periodic GC: Disabled
Heap:
 garbage-first heap   total 960512K, used 592820K [0x0000000702200000, 0x0000000800000000)
  region size 2048K, 3 young (6144K), 3 survivors (6144K)
 Metaspace       used 22997K, committed 23232K, reserved 1073152K
  class space    used 2391K, committed 2496K, reserved 1048576K
GC Heap History (20 events):
Event: 2.343 GC heap after
{Heap after GC invocations=15 (full 0):
 garbage-first heap   total 356352K, used 187235K [0x0000000702200000, 0x0000000800000000)
  region size 2048K, 5 young (10240K), 5 survivors (10240K)
 Metaspace       used 22333K, committed 22528K, reserved 1073152K
  class space    used 2329K, committed 2432K, reserved 1048576K
}
Event: 2.419 GC heap before
{Heap before GC invocations=15 (full 0):
 garbage-first heap   total 356352K, used 213859K [0x0000000702200000, 0x0000000800000000)
  region size 2048K, 19 young (38912K), 5 survivors (10240K)
 Metaspace       used 22333K, committed 22528K, reserved 1073152K
  class space    used 2329K, committed 2432K, reserved 1048576K
}
Event: 2.429 GC heap after
{Heap after GC invocations=16 (full 0):
 garbage-first heap   total 356352K, used 203776K [0x0000000702200000, 0x0000000800000000)
  region size 2048K, 4 young (8192K), 4 survivors (8192K)
 Metaspace       used 22333K, committed 22528K, reserved 1073152K
  class space    used 2329K, committed 2432K, reserved 1048576K
}
Event: 2.597 GC heap before
{Heap before GC invocations=17 (full 0):
 garbage-first heap   total 387072K, used 257024K [0x0000000702200000, 0x0000000800000000)
  region size 2048K, 29 young (59392K), 4 survivors (8192K)
 Metaspace       used 22333K, committed 22528K, reserved 1073152K
  class space    used 2329K, committed 2432K, reserved 1048576K
}
Event: 2.613 GC heap after
{Heap after GC invocations=18 (full 0):
 garbage-first heap   total 387072K, used 234496K [0x0000000702200000, 0x0000000800000000)
  region size 2048K, 4 young (8192K), 4 survivors (8192K)
 Metaspace       used 22333K, committed 22528K, reserved 1073152K
  class space    used 2329K, committed 2432K, reserved 1048576K
}
Event: 2.631 GC heap before
{Heap before GC invocations=18 (full 0):
 garbage-first heap   total 387072K, used 244736K [0x0000000702200000, 0x0000000800000000)
  region size 2048K, 9 young (18432K), 4 survivors (8192K)
 Metaspace       used 22333K, committed 22528K, reserved 1073152K
  class space    used 2329K, committed 2432K, reserved 1048576K
}
Event: 2.637 GC heap after
{Heap after GC invocations=19 (full 0):
 garbage-first heap   total 387072K, used 240266K [0x0000000702200000, 0x0000000800000000)
  region size 2048K, 2 young (4096K), 2 survivors (4096K)
 Metaspace       used 22333K, committed 22528K, reserved 1073152K
  class space    used 2329K, committed 2432K, reserved 1048576K
}
Event: 2.784 GC heap before
{Heap before GC invocations=19 (full 0):
 garbage-first heap   total 387072K, used 287370K [0x0000000702200000, 0x0000000800000000)
  region size 2048K, 25 young (51200K), 2 survivors (4096K)
 Metaspace       used 22333K, committed 22528K, reserved 1073152K
  class space    used 2329K, committed 2432K, reserved 1048576K
}
Event: 2.799 GC heap after
{Heap after GC invocations=20 (full 0):
 garbage-first heap   total 909312K, used 266121K [0x0000000702200000, 0x0000000800000000)
  region size 2048K, 4 young (8192K), 4 survivors (8192K)
 Metaspace       used 22333K, committed 22528K, reserved 1073152K
  class space    used 2329K, committed 2432K, reserved 1048576K
}
Event: 3.551 GC heap before
{Heap before GC invocations=21 (full 0):
 garbage-first heap   total 909312K, used 524169K [0x0000000702200000, 0x0000000800000000)
  region size 2048K, 129 young (264192K), 4 survivors (8192K)
 Metaspace       used 22333K, committed 22528K, reserved 1073152K
  class space    used 2329K, committed 2432K, reserved 1048576K
}
Event: 3.599 GC heap after
{Heap after GC invocations=22 (full 0):
 garbage-first heap   total 909312K, used 401493K [0x0000000702200000, 0x0000000800000000)
  region size 2048K, 17 young (34816K), 17 survivors (34816K)
 Metaspace       used 22333K, committed 22528K, reserved 1073152K
  class space    used 2329K, committed 2432K, reserved 1048576K
}
Event: 3.605 GC heap before
{Heap before GC invocations=22 (full 0):
 garbage-first heap   total 909312K, used 411733K [0x0000000702200000, 0x0000000800000000)
  region size 2048K, 22 young (45056K), 17 survivors (34816K)
 Metaspace       used 22333K, committed 22528K, reserved 1073152K
  class space    used 2329K, committed 2432K, reserved 1048576K
}
Event: 3.617 GC heap after
{Heap after GC invocations=23 (full 0):
 garbage-first heap   total 909312K, used 408576K [0x0000000702200000, 0x0000000800000000)
  region size 2048K, 3 young (6144K), 3 survivors (6144K)
 Metaspace       used 22333K, committed 22528K, reserved 1073152K
  class space    used 2329K, committed 2432K, reserved 1048576K
}
Event: 4.083 GC heap before
{Heap before GC invocations=23 (full 0):
 garbage-first heap   total 909312K, used 570368K [0x0000000702200000, 0x0000000800000000)
  region size 2048K, 82 young (167936K), 3 survivors (6144K)
 Metaspace       used 22997K, committed 23232K, reserved 1073152K
  class space    used 2391K, committed 2496K, reserved 1048576K
}
Event: 4.115 GC heap after
{Heap after GC invocations=24 (full 0):
 garbage-first heap   total 909312K, used 494518K [0x0000000702200000, 0x0000000800000000)
  region size 2048K, 11 young (22528K), 11 survivors (22528K)
 Metaspace       used 22997K, committed 23232K, reserved 1073152K
  class space    used 2391K, committed 2496K, reserved 1048576K
}
Event: 4.117 GC heap before
{Heap before GC invocations=24 (full 0):
 garbage-first heap   total 909312K, used 496566K [0x0000000702200000, 0x0000000800000000)
  region size 2048K, 13 young (26624K), 11 survivors (22528K)
 Metaspace       used 22997K, committed 23232K, reserved 1073152K
  class space    used 2391K, committed 2496K, reserved 1048576K
}
Event: 4.127 GC heap after
{Heap after GC invocations=25 (full 0):
 garbage-first heap   total 909312K, used 504296K [0x0000000702200000, 0x0000000800000000)
  region size 2048K, 2 young (4096K), 2 survivors (4096K)
 Metaspace       used 22997K, committed 23232K, reserved 1073152K
  class space    used 2391K, committed 2496K, reserved 1048576K
}
Event: 4.582 GC heap before
{Heap before GC invocations=26 (full 0):
 garbage-first heap   total 960512K, used 639464K [0x0000000702200000, 0x0000000800000000)
  region size 2048K, 67 young (137216K), 2 survivors (4096K)
 Metaspace       used 22997K, committed 23232K, reserved 1073152K
  class space    used 2391K, committed 2496K, reserved 1048576K
}
Event: 4.609 GC heap after
{Heap after GC invocations=27 (full 0):
 garbage-first heap   total 960512K, used 577373K [0x0000000702200000, 0x0000000800000000)
  region size 2048K, 9 young (18432K), 9 survivors (18432K)
 Metaspace       used 22997K, committed 23232K, reserved 1073152K
  class space    used 2391K, committed 2496K, reserved 1048576K
}
Event: 4.733 GC heap before
{Heap before GC invocations=27 (full 0):
 garbage-first heap   total 960512K, used 606045K [0x0000000702200000, 0x0000000800000000)
  region size 2048K, 23 young (47104K), 9 survivors (18432K)
 Metaspace       used 22997K, committed 23232K, reserved 1073152K
  class space    used 2391K, committed 2496K, reserved 1048576K
}

