# JRE version: OpenJDK Runtime Environment Temurin-17.0.3+7 (17.0.3+7) (build 17.0.3+7)
# Java VM: OpenJDK 64-Bit Server VM Temurin-17.0.3+7 (17.0.3+7, mixed mode, tiered, compressed oops, compressed class ptrs, g1 gc, windows-amd64)
GC Precious Log:
 CPUs: 12 total, 12 available
 Memory: 16243M
 Large Page Support: Disabled
 NUMA Support: Disabled
 Compressed Oops: Enabled (Zero based)
 Heap Region Size: 2M
 Heap Min Capacity: 8M
 Heap Initial Capacity: 254M
 Heap Max Capacity: 4062M
 Pre-touch: Disabled
 Parallel Workers: 10
 Concurrent Workers: 3
 Concurrent Refinement Workers: 10
 Periodic GC: Disabled
Heap:
 garbage-first heap   total 776192K, used 541768K [0x0000000702200000, 0x0000000800000000)
  region size 2048K, 6 young (12288K), 6 survivors (12288K)
 Metaspace       used 22969K, committed 23168K, reserved 1073152K
  class space    used 2391K, committed 2496K, reserved 1048576K
GC Heap History (20 events):
Event: 2.429 GC heap after
{Heap after GC invocations=13 (full 0):
 garbage-first heap   total 319488K, used 172032K [0x0000000702200000, 0x0000000800000000)
  region size 2048K, 5 young (10240K), 5 survivors (10240K)
 Metaspace       used 22328K, committed 22528K, reserved 1073152K
  class space    used 2329K, committed 2432K, reserved 1048576K
}
Event: 2.578 GC heap before
{Heap before GC invocations=13 (full 0):
 garbage-first heap   total 319488K, used 221184K [0x0000000702200000, 0x0000000800000000)
  region size 2048K, 29 young (59392K), 5 survivors (10240K)
 Metaspace       used 22328K, committed 22528K, reserved 1073152K
  class space    used 2329K, committed 2432K, reserved 1048576K
}
Event: 2.595 GC heap after
{Heap after GC invocations=14 (full 0):
 garbage-first heap   total 319488K, used 200450K [0x0000000702200000, 0x0000000800000000)
  region size 2048K, 4 young (8192K), 4 survivors (8192K)
 Metaspace       used 22328K, committed 22528K, reserved 1073152K
  class space    used 2329K, committed 2432K, reserved 1048576K
}
Event: 2.727 GC heap before
{Heap before GC invocations=15 (full 0):
 garbage-first heap   total 348160K, used 239362K [0x0000000702200000, 0x0000000800000000)
  region size 2048K, 22 young (45056K), 4 survivors (8192K)
 Metaspace       used 22328K, committed 22528K, reserved 1073152K
  class space    used 2329K, committed 2432K, reserved 1048576K
}
Event: 2.739 GC heap after
{Heap after GC invocations=16 (full 0):
 garbage-first heap   total 348160K, used 224673K [0x0000000702200000, 0x0000000800000000)
  region size 2048K, 3 young (6144K), 3 survivors (6144K)
 Metaspace       used 22328K, committed 22528K, reserved 1073152K
  class space    used 2329K, committed 2432K, reserved 1048576K
}
Event: 2.764 GC heap before
{Heap before GC invocations=16 (full 0):
 garbage-first heap   total 348160K, used 234913K [0x0000000702200000, 0x0000000800000000)
  region size 2048K, 8 young (16384K), 3 survivors (6144K)
 Metaspace       used 22328K, committed 22528K, reserved 1073152K
  class space    used 2329K, committed 2432K, reserved 1048576K
}
Event: 2.770 GC heap after
{Heap after GC invocations=17 (full 0):
 garbage-first heap   total 348160K, used 230542K [0x0000000702200000, 0x0000000800000000)
  region size 2048K, 1 young (2048K), 1 survivors (2048K)
 Metaspace       used 22328K, committed 22528K, reserved 1073152K
  class space    used 2329K, committed 2432K, reserved 1048576K
}
Event: 2.860 GC heap before
{Heap before GC invocations=17 (full 0):
 garbage-first heap   total 348160K, used 265358K [0x0000000702200000, 0x0000000800000000)
  region size 2048K, 18 young (36864K), 1 survivors (2048K)
 Metaspace       used 22328K, committed 22528K, reserved 1073152K
  class space    used 2329K, committed 2432K, reserved 1048576K
}
Event: 2.869 GC heap after
{Heap after GC invocations=18 (full 0):
 garbage-first heap   total 739328K, used 250525K [0x0000000702200000, 0x0000000800000000)
  region size 2048K, 3 young (6144K), 3 survivors (6144K)
 Metaspace       used 22328K, committed 22528K, reserved 1073152K
  class space    used 2329K, committed 2432K, reserved 1048576K
}
Event: 3.493 GC heap before
{Heap before GC invocations=19 (full 0):
 garbage-first heap   total 739328K, used 440989K [0x0000000702200000, 0x0000000800000000)
  region size 2048K, 95 young (194560K), 3 survivors (6144K)
 Metaspace       used 22328K, committed 22528K, reserved 1073152K
  class space    used 2329K, committed 2432K, reserved 1048576K
}
Event: 3.529 GC heap after
{Heap after GC invocations=20 (full 0):
 garbage-first heap   total 739328K, used 352818K [0x0000000702200000, 0x0000000800000000)
  region size 2048K, 12 young (24576K), 12 survivors (24576K)
 Metaspace       used 22328K, committed 22528K, reserved 1073152K
  class space    used 2329K, committed 2432K, reserved 1048576K
}
Event: 3.555 GC heap before
{Heap before GC invocations=20 (full 0):
 garbage-first heap   total 739328K, used 365106K [0x0000000702200000, 0x0000000800000000)
  region size 2048K, 18 young (36864K), 12 survivors (24576K)
 Metaspace       used 22328K, committed 22528K, reserved 1073152K
  class space    used 2329K, committed 2432K, reserved 1048576K
}
Event: 3.566 GC heap after
{Heap after GC invocations=21 (full 0):
 garbage-first heap   total 739328K, used 362496K [0x0000000702200000, 0x0000000800000000)
  region size 2048K, 3 young (6144K), 3 survivors (6144K)
 Metaspace       used 22328K, committed 22528K, reserved 1073152K
  class space    used 2329K, committed 2432K, reserved 1048576K
}
Event: 3.941 GC heap before
{Heap before GC invocations=21 (full 0):
 garbage-first heap   total 739328K, used 479232K [0x0000000702200000, 0x0000000800000000)
  region size 2048K, 60 young (122880K), 3 survivors (6144K)
 Metaspace       used 22969K, committed 23168K, reserved 1073152K
  class space    used 2391K, committed 2496K, reserved 1048576K
}
Event: 3.964 GC heap after
{Heap after GC invocations=22 (full 0):
 garbage-first heap   total 739328K, used 425984K [0x0000000702200000, 0x0000000800000000)
  region size 2048K, 8 young (16384K), 8 survivors (16384K)
 Metaspace       used 22969K, committed 23168K, reserved 1073152K
  class space    used 2391K, committed 2496K, reserved 1048576K
}
Event: 4.321 GC heap before
{Heap before GC invocations=23 (full 0):
 garbage-first heap   total 776192K, used 518144K [0x0000000702200000, 0x0000000800000000)
  region size 2048K, 56 young (114688K), 8 survivors (16384K)
 Metaspace       used 22969K, committed 23168K, reserved 1073152K
  class space    used 2391K, committed 2496K, reserved 1048576K
}
Event: 4.347 GC heap after
{Heap after GC invocations=24 (full 0):
 garbage-first heap   total 776192K, used 476963K [0x0000000702200000, 0x0000000800000000)
  region size 2048K, 7 young (14336K), 7 survivors (14336K)
 Metaspace       used 22969K, committed 23168K, reserved 1073152K
  class space    used 2391K, committed 2496K, reserved 1048576K
}
Event: 4.412 GC heap before
{Heap before GC invocations=24 (full 0):
 garbage-first heap   total 776192K, used 499491K [0x0000000702200000, 0x0000000800000000)
  region size 2048K, 18 young (36864K), 7 survivors (14336K)
 Metaspace       used 22969K, committed 23168K, reserved 1073152K
  class space    used 2391K, committed 2496K, reserved 1048576K
}
Event: 4.421 GC heap after
{Heap after GC invocations=25 (full 0):
 garbage-first heap   total 776192K, used 491496K [0x0000000702200000, 0x0000000800000000)
  region size 2048K, 3 young (6144K), 3 survivors (6144K)
 Metaspace       used 22969K, committed 23168K, reserved 1073152K
  class space    used 2391K, committed 2496K, reserved 1048576K
}
Event: 4.712 GC heap before
{Heap before GC invocations=25 (full 0):
 garbage-first heap   total 776192K, used 583656K [0x0000000702200000, 0x0000000800000000)
  region size 2048K, 47 young (96256K), 3 survivors (6144K)
 Metaspace       used 22969K, committed 23168K, reserved 1073152K
  class space    used 2391K, committed 2496K, reserved 1048576K
}

